[ 2018-06-03T16:33:31+08:00 ] 127.0.0.1 /thinkphp3/index.php/Admin
INFO: [ app_init ] --START--
INFO: Run Behavior\BuildLiteBehavior [ RunTime:0.000026s ]
INFO: [ app_init ] --END-- [ RunTime:0.000575s ]
INFO: [ app_begin ] --START--
INFO: Run Behavior\ReadHtmlCacheBehavior [ RunTime:0.001193s ]
INFO: [ app_begin ] --END-- [ RunTime:0.001332s ]
INFO: [ view_parse ] --START--
INFO: [ template_filter ] --START--
INFO: Run Behavior\ContentReplaceBehavior [ RunTime:0.000133s ]
INFO: [ template_filter ] --END-- [ RunTime:0.000267s ]
NOTIC: [8] Undefined index: username D:\web\wamp\www\thinkphp3\Application\Runtime\Cache\Admin\b595b808c2ebeeeb0478ffc30bb4e87a.php 第 22 行.
NOTIC: [8] Undefined index: id D:\web\wamp\www\thinkphp3\Application\Runtime\Cache\Admin\b595b808c2ebeeeb0478ffc30bb4e87a.php 第 23 行.
INFO: Run Behavior\ParseTemplateBehavior [ RunTime:0.044617s ]
INFO: [ view_parse ] --END-- [ RunTime:0.044818s ]
INFO: [ view_filter ] --START--
INFO: Run Behavior\WriteHtmlCacheBehavior [ RunTime:0.001172s ]
INFO: [ view_filter ] --END-- [ RunTime:0.001271s ]
INFO: [ app_end ] --START--
INFO: Run Behavior\ShowPageTraceBehavior [ RunTime:0.001241s ]
INFO: [ app_end ] --END-- [ RunTime:0.001392s ]

[ 2018-06-03T16:33:34+08:00 ] 127.0.0.1 /thinkphp3/index.php/Admin/Admin/lst
INFO: [ app_init ] --START--
INFO: Run Behavior\BuildLiteBehavior [ RunTime:0.000024s ]
INFO: [ app_init ] --END-- [ RunTime:0.000576s ]
INFO: [ app_begin ] --START--
INFO: Run Behavior\ReadHtmlCacheBehavior [ RunTime:0.001025s ]
INFO: [ app_begin ] --END-- [ RunTime:0.001137s ]
INFO: [ view_parse ] --START--
INFO: [ template_filter ] --START--
INFO: Run Behavior\ContentReplaceBehavior [ RunTime:0.000109s ]
INFO: [ template_filter ] --END-- [ RunTime:0.000307s ]
INFO: Run Behavior\ParseTemplateBehavior [ RunTime:0.010728s ]
INFO: [ view_parse ] --END-- [ RunTime:0.010852s ]
INFO: [ view_filter ] --START--
INFO: Run Behavior\WriteHtmlCacheBehavior [ RunTime:0.000951s ]
INFO: [ view_filter ] --END-- [ RunTime:0.001057s ]

[ 2018-06-03T16:33:35+08:00 ] 127.0.0.1 /thinkphp3/index.php/Admin/Login/index.html
INFO: [ app_init ] --START--
INFO: Run Behavior\BuildLiteBehavior [ RunTime:0.000050s ]
INFO: [ app_init ] --END-- [ RunTime:0.001659s ]
INFO: [ app_begin ] --START--
INFO: Run Behavior\ReadHtmlCacheBehavior [ RunTime:0.001666s ]
INFO: [ app_begin ] --END-- [ RunTime:0.001879s ]
SQL: SHOW COLUMNS FROM `blog_admin` [ RunTime:0.0066s ]
INFO: [ view_parse ] --START--
INFO: [ template_filter ] --START--
INFO: Run Behavior\ContentReplaceBehavior [ RunTime:0.000081s ]
INFO: [ template_filter ] --END-- [ RunTime:0.000216s ]
INFO: Run Behavior\ParseTemplateBehavior [ RunTime:0.025780s ]
INFO: [ view_parse ] --END-- [ RunTime:0.025985s ]
INFO: [ view_filter ] --START--
INFO: Run Behavior\WriteHtmlCacheBehavior [ RunTime:0.001231s ]
INFO: [ view_filter ] --END-- [ RunTime:0.001398s ]
INFO: [ app_end ] --START--
INFO: Run Behavior\ShowPageTraceBehavior [ RunTime:0.001413s ]
INFO: [ app_end ] --END-- [ RunTime:0.001540s ]

[ 2018-06-03T16:33:35+08:00 ] 127.0.0.1 /thinkphp3/index.php/Admin/Login/verify
INFO: [ app_init ] --START--
INFO: Run Behavior\BuildLiteBehavior [ RunTime:0.000024s ]
INFO: [ app_init ] --END-- [ RunTime:0.000600s ]
INFO: [ app_begin ] --START--
INFO: Run Behavior\ReadHtmlCacheBehavior [ RunTime:0.001613s ]
INFO: [ app_begin ] --END-- [ RunTime:0.001789s ]
INFO: [ app_end ] --START--
INFO: Run Behavior\ShowPageTraceBehavior [ RunTime:0.001712s ]
INFO: [ app_end ] --END-- [ RunTime:0.001902s ]

[ 2018-06-03T16:33:43+08:00 ] 127.0.0.1 /thinkphp3/index.php/Admin/Login/index.html
INFO: [ app_init ] --START--
INFO: Run Behavior\BuildLiteBehavior [ RunTime:0.000060s ]
INFO: [ app_init ] --END-- [ RunTime:0.000860s ]
INFO: [ app_begin ] --START--
INFO: Run Behavior\ReadHtmlCacheBehavior [ RunTime:0.000776s ]
INFO: [ app_begin ] --END-- [ RunTime:0.000890s ]
SQL: SHOW COLUMNS FROM `blog_admin` [ RunTime:0.0116s ]
NOTIC: [8] Undefined index: validate D:\web\wamp\www\thinkphp3\ThinkPHP\Library\Think\Model.class.php 第 1185 行.
NOTIC: [8] Undefined index: auto D:\web\wamp\www\thinkphp3\ThinkPHP\Library\Think\Model.class.php 第 1128 行.
SQL: SELECT * FROM `blog_admin` WHERE `username` = 'admin' LIMIT 1   [ RunTime:0.0004s ]
INFO: [ view_parse ] --START--
INFO: [ template_filter ] --START--
INFO: Run Behavior\ContentReplaceBehavior [ RunTime:0.000128s ]
INFO: [ template_filter ] --END-- [ RunTime:0.000270s ]
INFO: Run Behavior\ParseTemplateBehavior [ RunTime:0.009439s ]
INFO: [ view_parse ] --END-- [ RunTime:0.009628s ]
INFO: [ view_filter ] --START--
INFO: Run Behavior\WriteHtmlCacheBehavior [ RunTime:0.001058s ]
INFO: [ view_filter ] --END-- [ RunTime:0.001205s ]
INFO: [ app_end ] --START--
INFO: Run Behavior\ShowPageTraceBehavior [ RunTime:0.001144s ]
INFO: [ app_end ] --END-- [ RunTime:0.001262s ]

[ 2018-06-03T16:33:44+08:00 ] 127.0.0.1 /thinkphp3/index.php/Admin/Index/index.html
INFO: [ app_init ] --START--
INFO: Run Behavior\BuildLiteBehavior [ RunTime:0.000035s ]
INFO: [ app_init ] --END-- [ RunTime:0.000619s ]
INFO: [ app_begin ] --START--
INFO: Run Behavior\ReadHtmlCacheBehavior [ RunTime:0.000514s ]
INFO: [ app_begin ] --END-- [ RunTime:0.000629s ]
INFO: [ view_parse ] --START--
INFO: [ template_filter ] --START--
INFO: Run Behavior\ContentReplaceBehavior [ RunTime:0.000093s ]
INFO: [ template_filter ] --END-- [ RunTime:0.000212s ]
INFO: Run Behavior\ParseTemplateBehavior [ RunTime:0.009089s ]
INFO: [ view_parse ] --END-- [ RunTime:0.009307s ]
INFO: [ view_filter ] --START--
INFO: Run Behavior\WriteHtmlCacheBehavior [ RunTime:0.000530s ]
INFO: [ view_filter ] --END-- [ RunTime:0.000648s ]
INFO: [ app_end ] --START--
INFO: Run Behavior\ShowPageTraceBehavior [ RunTime:0.000480s ]
INFO: [ app_end ] --END-- [ RunTime:0.000588s ]

[ 2018-06-03T16:33:51+08:00 ] 127.0.0.1 /thinkphp3/index.php/Admin/Admin/lst
INFO: [ app_init ] --START--
INFO: Run Behavior\BuildLiteBehavior [ RunTime:0.000025s ]
INFO: [ app_init ] --END-- [ RunTime:0.000573s ]
INFO: [ app_begin ] --START--
INFO: Run Behavior\ReadHtmlCacheBehavior [ RunTime:0.001345s ]
INFO: [ app_begin ] --END-- [ RunTime:0.001635s ]
SQL: SHOW COLUMNS FROM `blog_admin` [ RunTime:0.0055s ]
SQL: SELECT COUNT(*) AS tp_count FROM `blog_admin` LIMIT 1   [ RunTime:0.0003s ]
SQL: SELECT * FROM `blog_admin` ORDER BY id desc LIMIT 0,3   [ RunTime:0.0003s ]
INFO: [ view_parse ] --START--
INFO: [ template_filter ] --START--
INFO: Run Behavior\ContentReplaceBehavior [ RunTime:0.000099s ]
INFO: [ template_filter ] --END-- [ RunTime:0.000213s ]
INFO: Run Behavior\ParseTemplateBehavior [ RunTime:0.122527s ]
INFO: [ view_parse ] --END-- [ RunTime:0.122662s ]
INFO: [ view_filter ] --START--
INFO: Run Behavior\WriteHtmlCacheBehavior [ RunTime:0.000342s ]
INFO: [ view_filter ] --END-- [ RunTime:0.000445s ]
INFO: [ app_end ] --START--
INFO: Run Behavior\ShowPageTraceBehavior [ RunTime:0.000460s ]
INFO: [ app_end ] --END-- [ RunTime:0.000568s ]

[ 2018-06-03T16:33:54+08:00 ] 127.0.0.1 /thinkphp3/index.php/Admin/Link/lst
INFO: [ app_init ] --START--
INFO: Run Behavior\BuildLiteBehavior [ RunTime:0.000039s ]
INFO: [ app_init ] --END-- [ RunTime:0.000608s ]
INFO: [ app_begin ] --START--
INFO: Run Behavior\ReadHtmlCacheBehavior [ RunTime:0.000452s ]
INFO: [ app_begin ] --END-- [ RunTime:0.000563s ]
SQL: SHOW COLUMNS FROM `blog_link` [ RunTime:0.0098s ]
SQL: SELECT COUNT(*) AS tp_count FROM `blog_link` LIMIT 1   [ RunTime:0.0003s ]
SQL: SELECT * FROM `blog_link` ORDER BY id desc LIMIT 0,3   [ RunTime:0.0004s ]
INFO: [ view_parse ] --START--
INFO: [ template_filter ] --START--
INFO: Run Behavior\ContentReplaceBehavior [ RunTime:0.000103s ]
INFO: [ template_filter ] --END-- [ RunTime:0.000292s ]
NOTIC: [8] Undefined index: sort D:\web\wamp\www\thinkphp3\Application\Runtime\Cache\Admin\65e4f6df08c62e8a208c27167d615170.php 第 101 行.
NOTIC: [8] Undefined index: sort D:\web\wamp\www\thinkphp3\Application\Runtime\Cache\Admin\65e4f6df08c62e8a208c27167d615170.php 第 101 行.
NOTIC: [8] Undefined index: sort D:\web\wamp\www\thinkphp3\Application\Runtime\Cache\Admin\65e4f6df08c62e8a208c27167d615170.php 第 101 行.
INFO: Run Behavior\ParseTemplateBehavior [ RunTime:0.048866s ]
INFO: [ view_parse ] --END-- [ RunTime:0.048994s ]
INFO: [ view_filter ] --START--
INFO: Run Behavior\WriteHtmlCacheBehavior [ RunTime:0.000273s ]
INFO: [ view_filter ] --END-- [ RunTime:0.000371s ]
INFO: [ app_end ] --START--
INFO: Run Behavior\ShowPageTraceBehavior [ RunTime:0.000725s ]
INFO: [ app_end ] --END-- [ RunTime:0.000842s ]

[ 2018-06-03T16:33:55+08:00 ] 127.0.0.1 /thinkphp3/index.php/Admin/Cate/lst
INFO: [ app_init ] --START--
INFO: Run Behavior\BuildLiteBehavior [ RunTime:0.000026s ]
INFO: [ app_init ] --END-- [ RunTime:0.000426s ]
INFO: [ app_begin ] --START--
INFO: Run Behavior\ReadHtmlCacheBehavior [ RunTime:0.000529s ]
INFO: [ app_begin ] --END-- [ RunTime:0.000682s ]
SQL: SHOW COLUMNS FROM `blog_cate` [ RunTime:0.0060s ]
SQL: SELECT * FROM `blog_cate` ORDER BY sort asc  [ RunTime:0.0004s ]
INFO: [ view_parse ] --START--
INFO: [ template_filter ] --START--
INFO: Run Behavior\ContentReplaceBehavior [ RunTime:0.000111s ]
INFO: [ template_filter ] --END-- [ RunTime:0.000235s ]
INFO: Run Behavior\ParseTemplateBehavior [ RunTime:0.010613s ]
INFO: [ view_parse ] --END-- [ RunTime:0.010759s ]
INFO: [ view_filter ] --START--
INFO: Run Behavior\WriteHtmlCacheBehavior [ RunTime:0.000300s ]
INFO: [ view_filter ] --END-- [ RunTime:0.000403s ]
INFO: [ app_end ] --START--
INFO: Run Behavior\ShowPageTraceBehavior [ RunTime:0.000460s ]
INFO: [ app_end ] --END-- [ RunTime:0.000569s ]

[ 2018-06-03T16:33:56+08:00 ] 127.0.0.1 /thinkphp3/index.php/Admin/Article/lst
INFO: [ app_init ] --START--
INFO: Run Behavior\BuildLiteBehavior [ RunTime:0.000024s ]
INFO: [ app_init ] --END-- [ RunTime:0.000420s ]
INFO: [ app_begin ] --START--
INFO: Run Behavior\ReadHtmlCacheBehavior [ RunTime:0.000447s ]
INFO: [ app_begin ] --END-- [ RunTime:0.000558s ]
SQL: SHOW COLUMNS FROM `blog_article` [ RunTime:0.0053s ]
SQL: SHOW COLUMNS FROM `blog_cate` [ RunTime:0.0048s ]
SQL: SELECT COUNT(*) AS tp_count FROM blog_article Article LEFT JOIN blog_cate Cate ON Article.cateid=cate.id LIMIT 1   [ RunTime:0.0004s ]
SQL: SELECT Article.id AS id,Article.title AS title,Article.pic AS pic,Cate.catename AS catename FROM blog_article Article LEFT JOIN blog_cate Cate ON Article.cateid=cate.id ORDER BY Article.id desc LIMIT 0,3   [ RunTime:0.0008s ]
INFO: [ view_parse ] --START--
INFO: [ template_filter ] --START--
INFO: Run Behavior\ContentReplaceBehavior [ RunTime:0.000103s ]
INFO: [ template_filter ] --END-- [ RunTime:0.000214s ]
INFO: Run Behavior\ParseTemplateBehavior [ RunTime:0.048815s ]
INFO: [ view_parse ] --END-- [ RunTime:0.048934s ]
INFO: [ view_filter ] --START--
INFO: Run Behavior\WriteHtmlCacheBehavior [ RunTime:0.000284s ]
INFO: [ view_filter ] --END-- [ RunTime:0.000386s ]
INFO: [ app_end ] --START--
INFO: Run Behavior\ShowPageTraceBehavior [ RunTime:0.000450s ]
INFO: [ app_end ] --END-- [ RunTime:0.000559s ]

[ 2018-06-03T16:35:28+08:00 ] 127.0.0.1 /thinkphp3/index.php/Admin/Article/add
INFO: [ app_init ] --START--
INFO: Run Behavior\BuildLiteBehavior [ RunTime:0.000025s ]
INFO: [ app_init ] --END-- [ RunTime:0.000533s ]
INFO: [ app_begin ] --START--
INFO: Run Behavior\ReadHtmlCacheBehavior [ RunTime:0.001360s ]
INFO: [ app_begin ] --END-- [ RunTime:0.001508s ]
SQL: SHOW COLUMNS FROM `blog_article` [ RunTime:0.0060s ]
SQL: SHOW COLUMNS FROM `blog_cate` [ RunTime:0.0128s ]
SQL: SELECT * FROM `blog_cate`  [ RunTime:0.0004s ]
INFO: [ view_parse ] --START--
INFO: [ template_filter ] --START--
INFO: Run Behavior\ContentReplaceBehavior [ RunTime:0.000105s ]
INFO: [ template_filter ] --END-- [ RunTime:0.000226s ]
INFO: Run Behavior\ParseTemplateBehavior [ RunTime:0.124924s ]
INFO: [ view_parse ] --END-- [ RunTime:0.125053s ]
INFO: [ view_filter ] --START--
INFO: Run Behavior\WriteHtmlCacheBehavior [ RunTime:0.000331s ]
INFO: [ view_filter ] --END-- [ RunTime:0.000441s ]
INFO: [ app_end ] --START--
INFO: Run Behavior\ShowPageTraceBehavior [ RunTime:0.000497s ]
INFO: [ app_end ] --END-- [ RunTime:0.000613s ]

[ 2018-06-03T16:35:51+08:00 ] 127.0.0.1 /thinkphp3/index.php/Admin/Article/add
INFO: [ app_init ] --START--
INFO: Run Behavior\BuildLiteBehavior [ RunTime:0.000024s ]
INFO: [ app_init ] --END-- [ RunTime:0.000648s ]
INFO: [ app_begin ] --START--
INFO: Run Behavior\ReadHtmlCacheBehavior [ RunTime:0.001216s ]
INFO: [ app_begin ] --END-- [ RunTime:0.001337s ]
SQL: SHOW COLUMNS FROM `blog_article` [ RunTime:0.0074s ]
NOTIC: [2] call_user_func() expects parameter 1 to be a valid callback, no array or string given D:\web\wamp\www\thinkphp3\ThinkPHP\Library\Think\Upload.class.php 第 170 行.
NOTIC: [8] Undefined index: validate D:\web\wamp\www\thinkphp3\ThinkPHP\Library\Think\Model.class.php 第 1185 行.
NOTIC: [8] Undefined index: auto D:\web\wamp\www\thinkphp3\ThinkPHP\Library\Think\Model.class.php 第 1128 行.
SQL: INSERT INTO `blog_article` (`title`,`content`,`desc`,`cateid`,`time`,`pic`) VALUES ('111','&lt;p&gt;qqqq&lt;/p&gt;','1111','10','1528014950','./Public/Uploads/2018-06-03/5b13a866e71d9.php') [ RunTime:0.0538s ]
INFO: [ view_parse ] --START--
INFO: [ template_filter ] --START--
INFO: Run Behavior\ContentReplaceBehavior [ RunTime:0.000075s ]
INFO: [ template_filter ] --END-- [ RunTime:0.000184s ]
INFO: Run Behavior\ParseTemplateBehavior [ RunTime:0.010729s ]
INFO: [ view_parse ] --END-- [ RunTime:0.010863s ]
INFO: [ view_filter ] --START--
INFO: Run Behavior\WriteHtmlCacheBehavior [ RunTime:0.000959s ]
INFO: [ view_filter ] --END-- [ RunTime:0.001068s ]
INFO: [ app_end ] --START--
INFO: Run Behavior\ShowPageTraceBehavior [ RunTime:0.001142s ]
INFO: [ app_end ] --END-- [ RunTime:0.001252s ]

[ 2018-06-03T16:35:52+08:00 ] 127.0.0.1 /thinkphp3/index.php/Admin/Article/lst.html
INFO: [ app_init ] --START--
INFO: Run Behavior\BuildLiteBehavior [ RunTime:0.000022s ]
INFO: [ app_init ] --END-- [ RunTime:0.000556s ]
INFO: [ app_begin ] --START--
INFO: Run Behavior\ReadHtmlCacheBehavior [ RunTime:0.001154s ]
INFO: [ app_begin ] --END-- [ RunTime:0.001265s ]
SQL: SHOW COLUMNS FROM `blog_article` [ RunTime:0.0076s ]
SQL: SHOW COLUMNS FROM `blog_cate` [ RunTime:0.0060s ]
SQL: SELECT COUNT(*) AS tp_count FROM blog_article Article LEFT JOIN blog_cate Cate ON Article.cateid=cate.id LIMIT 1   [ RunTime:0.0005s ]
SQL: SELECT Article.id AS id,Article.title AS title,Article.pic AS pic,Cate.catename AS catename FROM blog_article Article LEFT JOIN blog_cate Cate ON Article.cateid=cate.id ORDER BY Article.id desc LIMIT 0,3   [ RunTime:0.0005s ]
INFO: [ view_parse ] --START--
INFO: [ template_filter ] --START--
INFO: Run Behavior\ContentReplaceBehavior [ RunTime:0.000106s ]
INFO: [ template_filter ] --END-- [ RunTime:0.000220s ]
INFO: Run Behavior\ParseTemplateBehavior [ RunTime:0.012739s ]
INFO: [ view_parse ] --END-- [ RunTime:0.012887s ]
INFO: [ view_filter ] --START--
INFO: Run Behavior\WriteHtmlCacheBehavior [ RunTime:0.001018s ]
INFO: [ view_filter ] --END-- [ RunTime:0.001131s ]
INFO: [ app_end ] --START--
INFO: Run Behavior\ShowPageTraceBehavior [ RunTime:0.001266s ]
INFO: [ app_end ] --END-- [ RunTime:0.001391s ]

[ 2018-06-03T16:38:58+08:00 ] 127.0.0.1 /thinkphp3/index.php/Admin/Article/add
INFO: [ app_init ] --START--
INFO: Run Behavior\BuildLiteBehavior [ RunTime:0.000023s ]
INFO: [ app_init ] --END-- [ RunTime:0.000530s ]
INFO: [ app_begin ] --START--
INFO: Run Behavior\ReadHtmlCacheBehavior [ RunTime:0.001369s ]
INFO: [ app_begin ] --END-- [ RunTime:0.001570s ]
SQL: SHOW COLUMNS FROM `blog_article` [ RunTime:0.0059s ]
SQL: SHOW COLUMNS FROM `blog_cate` [ RunTime:0.0071s ]
SQL: SELECT * FROM `blog_cate`  [ RunTime:0.0005s ]
INFO: [ view_parse ] --START--
INFO: [ template_filter ] --START--
INFO: Run Behavior\ContentReplaceBehavior [ RunTime:0.000105s ]
INFO: [ template_filter ] --END-- [ RunTime:0.000220s ]
INFO: Run Behavior\ParseTemplateBehavior [ RunTime:0.012983s ]
INFO: [ view_parse ] --END-- [ RunTime:0.013100s ]
INFO: [ view_filter ] --START--
INFO: Run Behavior\WriteHtmlCacheBehavior [ RunTime:0.000857s ]
INFO: [ view_filter ] --END-- [ RunTime:0.000962s ]
INFO: [ app_end ] --START--
INFO: Run Behavior\ShowPageTraceBehavior [ RunTime:0.001009s ]
INFO: [ app_end ] --END-- [ RunTime:0.001113s ]

[ 2018-06-03T16:39:13+08:00 ] 127.0.0.1 /thinkphp3/index.php/Admin/Article/add
INFO: [ app_init ] --START--
INFO: Run Behavior\BuildLiteBehavior [ RunTime:0.000039s ]
INFO: [ app_init ] --END-- [ RunTime:0.000562s ]
INFO: [ app_begin ] --START--
INFO: Run Behavior\ReadHtmlCacheBehavior [ RunTime:0.000754s ]
INFO: [ app_begin ] --END-- [ RunTime:0.000866s ]
SQL: SHOW COLUMNS FROM `blog_article` [ RunTime:0.0063s ]
NOTIC: [2] call_user_func() expects parameter 1 to be a valid callback, no array or string given D:\web\wamp\www\thinkphp3\ThinkPHP\Library\Think\Upload.class.php 第 170 行.
NOTIC: [8] Undefined index: validate D:\web\wamp\www\thinkphp3\ThinkPHP\Library\Think\Model.class.php 第 1185 行.
NOTIC: [8] Undefined index: auto D:\web\wamp\www\thinkphp3\ThinkPHP\Library\Think\Model.class.php 第 1128 行.
SQL: INSERT INTO `blog_article` (`title`,`content`,`desc`,`cateid`,`time`,`pic`) VALUES ('qqq嗯嗯','&lt;p&gt;厄齐尔群翁&lt;/p&gt;','凄凄切切群群','10','1528015153','./Public/Uploads/2018-06-03/5b13a9311656f.php') [ RunTime:0.0537s ]
INFO: [ view_parse ] --START--
INFO: [ template_filter ] --START--
INFO: Run Behavior\ContentReplaceBehavior [ RunTime:0.000077s ]
INFO: [ template_filter ] --END-- [ RunTime:0.000193s ]
INFO: Run Behavior\ParseTemplateBehavior [ RunTime:0.013970s ]
INFO: [ view_parse ] --END-- [ RunTime:0.014083s ]
INFO: [ view_filter ] --START--
INFO: Run Behavior\WriteHtmlCacheBehavior [ RunTime:0.001332s ]
INFO: [ view_filter ] --END-- [ RunTime:0.001440s ]
INFO: [ app_end ] --START--
INFO: Run Behavior\ShowPageTraceBehavior [ RunTime:0.001081s ]
INFO: [ app_end ] --END-- [ RunTime:0.001185s ]

[ 2018-06-03T16:39:14+08:00 ] 127.0.0.1 /thinkphp3/index.php/Admin/Article/lst.html
INFO: [ app_init ] --START--
INFO: Run Behavior\BuildLiteBehavior [ RunTime:0.000078s ]
INFO: [ app_init ] --END-- [ RunTime:0.000800s ]
INFO: [ app_begin ] --START--
INFO: Run Behavior\ReadHtmlCacheBehavior [ RunTime:0.001196s ]
INFO: [ app_begin ] --END-- [ RunTime:0.001363s ]
SQL: SHOW COLUMNS FROM `blog_article` [ RunTime:0.0797s ]
SQL: SHOW COLUMNS FROM `blog_cate` [ RunTime:0.0289s ]
SQL: SELECT COUNT(*) AS tp_count FROM blog_article Article LEFT JOIN blog_cate Cate ON Article.cateid=cate.id LIMIT 1   [ RunTime:0.0004s ]
SQL: SELECT Article.id AS id,Article.title AS title,Article.pic AS pic,Cate.catename AS catename FROM blog_article Article LEFT JOIN blog_cate Cate ON Article.cateid=cate.id ORDER BY Article.id desc LIMIT 0,3   [ RunTime:0.0006s ]
INFO: [ view_parse ] --START--
INFO: [ template_filter ] --START--
INFO: Run Behavior\ContentReplaceBehavior [ RunTime:0.000113s ]
INFO: [ template_filter ] --END-- [ RunTime:0.000240s ]
INFO: Run Behavior\ParseTemplateBehavior [ RunTime:0.016484s ]
INFO: [ view_parse ] --END-- [ RunTime:0.016615s ]
INFO: [ view_filter ] --START--
INFO: Run Behavior\WriteHtmlCacheBehavior [ RunTime:0.001131s ]
INFO: [ view_filter ] --END-- [ RunTime:0.001282s ]
INFO: [ app_end ] --START--
INFO: Run Behavior\ShowPageTraceBehavior [ RunTime:0.001338s ]
INFO: [ app_end ] --END-- [ RunTime:0.001463s ]

[ 2018-06-03T16:43:10+08:00 ] 127.0.0.1 /thinkphp3/index.php/Admin/Article/add
INFO: [ app_init ] --START--
INFO: Run Behavior\BuildLiteBehavior [ RunTime:0.000034s ]
INFO: [ app_init ] --END-- [ RunTime:0.000805s ]
INFO: [ app_begin ] --START--
INFO: Run Behavior\ReadHtmlCacheBehavior [ RunTime:0.001128s ]
INFO: [ app_begin ] --END-- [ RunTime:0.001245s ]
SQL: SHOW COLUMNS FROM `blog_article` [ RunTime:0.0063s ]
SQL: SHOW COLUMNS FROM `blog_cate` [ RunTime:0.0062s ]
SQL: SELECT * FROM `blog_cate`  [ RunTime:0.0005s ]
INFO: [ view_parse ] --START--
INFO: [ template_filter ] --START--
INFO: Run Behavior\ContentReplaceBehavior [ RunTime:0.000100s ]
INFO: [ template_filter ] --END-- [ RunTime:0.000214s ]
INFO: Run Behavior\ParseTemplateBehavior [ RunTime:0.012554s ]
INFO: [ view_parse ] --END-- [ RunTime:0.012701s ]
INFO: [ view_filter ] --START--
INFO: Run Behavior\WriteHtmlCacheBehavior [ RunTime:0.001685s ]
INFO: [ view_filter ] --END-- [ RunTime:0.001982s ]
INFO: [ app_end ] --START--
INFO: Run Behavior\ShowPageTraceBehavior [ RunTime:0.001410s ]
INFO: [ app_end ] --END-- [ RunTime:0.001602s ]

[ 2018-06-03T16:48:05+08:00 ] 127.0.0.1 /thinkphp3/index.php/Admin/Article/add
INFO: [ app_init ] --START--
INFO: Run Behavior\BuildLiteBehavior [ RunTime:0.000024s ]
INFO: [ app_init ] --END-- [ RunTime:0.000567s ]
INFO: [ app_begin ] --START--
INFO: Run Behavior\ReadHtmlCacheBehavior [ RunTime:0.002014s ]
INFO: [ app_begin ] --END-- [ RunTime:0.002152s ]
SQL: SHOW COLUMNS FROM `blog_article` [ RunTime:0.0057s ]
SQL: SHOW COLUMNS FROM `blog_cate` [ RunTime:0.0059s ]
SQL: SELECT * FROM `blog_cate`  [ RunTime:0.0005s ]
INFO: [ view_parse ] --START--
INFO: [ template_filter ] --START--
INFO: Run Behavior\ContentReplaceBehavior [ RunTime:0.000169s ]
INFO: [ template_filter ] --END-- [ RunTime:0.000284s ]
INFO: Run Behavior\ParseTemplateBehavior [ RunTime:0.014488s ]
INFO: [ view_parse ] --END-- [ RunTime:0.014730s ]
INFO: [ view_filter ] --START--
INFO: Run Behavior\WriteHtmlCacheBehavior [ RunTime:0.000958s ]
INFO: [ view_filter ] --END-- [ RunTime:0.001069s ]
INFO: [ app_end ] --START--
INFO: Run Behavior\ShowPageTraceBehavior [ RunTime:0.001102s ]
INFO: [ app_end ] --END-- [ RunTime:0.001208s ]

[ 2018-06-03T16:48:06+08:00 ] 127.0.0.1 /thinkphp3/index.php/Admin/Article/lst
INFO: [ app_init ] --START--
INFO: Run Behavior\BuildLiteBehavior [ RunTime:0.000024s ]
INFO: [ app_init ] --END-- [ RunTime:0.000630s ]
INFO: [ app_begin ] --START--
INFO: Run Behavior\ReadHtmlCacheBehavior [ RunTime:0.001664s ]
INFO: [ app_begin ] --END-- [ RunTime:0.001864s ]
SQL: SHOW COLUMNS FROM `blog_article` [ RunTime:0.0062s ]
SQL: SHOW COLUMNS FROM `blog_cate` [ RunTime:0.0050s ]
SQL: SELECT COUNT(*) AS tp_count FROM blog_article Article LEFT JOIN blog_cate Cate ON Article.cateid=cate.id LIMIT 1   [ RunTime:0.0003s ]
SQL: SELECT Article.id AS id,Article.title AS title,Article.pic AS pic,Cate.catename AS catename FROM blog_article Article LEFT JOIN blog_cate Cate ON Article.cateid=cate.id ORDER BY Article.id desc LIMIT 0,3   [ RunTime:0.0005s ]
INFO: [ view_parse ] --START--
INFO: [ template_filter ] --START--
INFO: Run Behavior\ContentReplaceBehavior [ RunTime:0.000106s ]
INFO: [ template_filter ] --END-- [ RunTime:0.000225s ]
INFO: Run Behavior\ParseTemplateBehavior [ RunTime:0.014023s ]
INFO: [ view_parse ] --END-- [ RunTime:0.014154s ]
INFO: [ view_filter ] --START--
INFO: Run Behavior\WriteHtmlCacheBehavior [ RunTime:0.001046s ]
INFO: [ view_filter ] --END-- [ RunTime:0.001164s ]
INFO: [ app_end ] --START--
INFO: Run Behavior\ShowPageTraceBehavior [ RunTime:0.001073s ]
INFO: [ app_end ] --END-- [ RunTime:0.001185s ]

