[ 2018-06-09T13:08:53+08:00 ] 127.0.0.1 /thinkphp3/
INFO: [ app_init ] --START--
INFO: Run Behavior\BuildLiteBehavior [ RunTime:0.000030s ]
INFO: [ app_init ] --END-- [ RunTime:0.031466s ]
INFO: [ app_begin ] --START--
INFO: Run Behavior\ReadHtmlCacheBehavior [ RunTime:0.001307s ]
INFO: [ app_begin ] --END-- [ RunTime:0.001439s ]
SQL: SHOW COLUMNS FROM `blog_cate` [ RunTime:0.0497s ]
SQL: SELECT * FROM `blog_cate` ORDER BY sort desc  [ RunTime:0.0007s ]
SQL: SHOW COLUMNS FROM `blog_link` [ RunTime:0.0351s ]
SQL: SELECT * FROM `blog_link`  [ RunTime:0.0006s ]
SQL: SHOW COLUMNS FROM `blog_article` [ RunTime:0.0270s ]
SQL: SELECT * FROM `blog_article` ORDER BY time desc LIMIT 4   [ RunTime:0.0106s ]
SQL: SELECT COUNT(*) AS tp_count FROM `blog_article` LIMIT 1   [ RunTime:0.0005s ]
SQL: SELECT * FROM `blog_article` ORDER BY time desc LIMIT 0,5   [ RunTime:0.0014s ]
INFO: [ view_parse ] --START--
INFO: [ template_filter ] --START--
INFO: Run Behavior\ContentReplaceBehavior [ RunTime:0.046350s ]
INFO: [ template_filter ] --END-- [ RunTime:0.046497s ]
INFO: Run Behavior\ParseTemplateBehavior [ RunTime:0.178137s ]
INFO: [ view_parse ] --END-- [ RunTime:0.178359s ]
INFO: [ view_filter ] --START--
INFO: Run Behavior\WriteHtmlCacheBehavior [ RunTime:0.145958s ]
INFO: [ view_filter ] --END-- [ RunTime:0.146076s ]
INFO: [ app_end ] --START--
INFO: Run Behavior\ShowPageTraceBehavior [ RunTime:0.017245s ]
INFO: [ app_end ] --END-- [ RunTime:0.017541s ]

[ 2018-06-09T13:09:22+08:00 ] 127.0.0.1 /thinkphp3/index.php/Home/Cate/index/id/13
INFO: [ app_init ] --START--
INFO: Run Behavior\BuildLiteBehavior [ RunTime:0.000039s ]
INFO: [ app_init ] --END-- [ RunTime:0.000979s ]
INFO: [ app_begin ] --START--
INFO: Run Behavior\ReadHtmlCacheBehavior [ RunTime:0.001242s ]
INFO: [ app_begin ] --END-- [ RunTime:0.001363s ]
SQL: SHOW COLUMNS FROM `blog_cate` [ RunTime:0.0075s ]
SQL: SELECT * FROM `blog_cate` ORDER BY sort desc  [ RunTime:0.0005s ]
SQL: SHOW COLUMNS FROM `blog_link` [ RunTime:0.0082s ]
SQL: SELECT * FROM `blog_link`  [ RunTime:0.0003s ]
SQL: SHOW COLUMNS FROM `blog_article` [ RunTime:0.0068s ]
SQL: SELECT * FROM `blog_article` ORDER BY time desc LIMIT 4   [ RunTime:0.0017s ]
SQL: SELECT COUNT(*) AS tp_count FROM `blog_article` WHERE `cateid` = 13 LIMIT 1   [ RunTime:0.0008s ]
SQL: SELECT * FROM `blog_article` WHERE `cateid` = 13 ORDER BY time desc LIMIT 0,3   [ RunTime:0.0005s ]
INFO: [ view_parse ] --START--
INFO: [ template_filter ] --START--
INFO: Run Behavior\ContentReplaceBehavior [ RunTime:0.028778s ]
INFO: [ template_filter ] --END-- [ RunTime:0.028906s ]
INFO: Run Behavior\ParseTemplateBehavior [ RunTime:0.066104s ]
INFO: [ view_parse ] --END-- [ RunTime:0.066349s ]
INFO: [ view_filter ] --START--
INFO: Run Behavior\WriteHtmlCacheBehavior [ RunTime:0.001415s ]
INFO: [ view_filter ] --END-- [ RunTime:0.001557s ]
INFO: [ app_end ] --START--
INFO: Run Behavior\ShowPageTraceBehavior [ RunTime:0.001141s ]
INFO: [ app_end ] --END-- [ RunTime:0.001348s ]

